[2026-02-15T07:14:32.305Z] [render_1771139672304_84e8abb0e78f0401] Starting render job. Config: "VideoEditor"
[2026-02-15T07:14:32.309Z] [render_1771139672304_84e8abb0e78f0401] Bundling Remotion project...
[2026-02-15T07:14:46.857Z] [render_1771139672304_84e8abb0e78f0401] Bundle created at: C:\Users\stole\AppData\Local\Temp\remotion-webpack-bundle-N05rE8
[2026-02-15T07:14:46.860Z] [render_1771139672304_84e8abb0e78f0401] Selecting composition: VideoEditor
[2026-02-15T07:14:49.875Z] [render_1771139672304_84e8abb0e78f0401] Composition selected: 1920x1080
[2026-02-15T07:14:49.879Z] [render_1771139672304_84e8abb0e78f0401] Rendering video to C:\Users\stole\AppData\Local\Temp\render_1771139672304_84e8abb0e78f0401.mp4...
[2026-02-15T07:14:55.245Z] [render_1771139672304_84e8abb0e78f0401] Render failed: Error loading image with src: http://localhost:3001/api/image-proxy?url=https%3A%2F%2Fpub-760dc7f0a82e481197568d0a306385c6.r2.dev%2Fusers%2F5dP04gFN7RdraHyCxXphPZcRN432%2Fuploads%2F1770899412803-PHOTO-2025-06-14-16-33-57.jpg
[2026-02-15T07:14:55.269Z] [render_1771139672304_84e8abb0e78f0401] CRITICAL FAIL: Error: Error loading image with src: http://localhost:3001/api/image-proxy?url=https%3A%2F%2Fpub-760dc7f0a82e481197568d0a306385c6.r2.dev%2Fusers%2F5dP04gFN7RdraHyCxXphPZcRN432%2Fuploads%2F1770899412803-PHOTO-2025-06-14-16-33-57.jpg
    at cancelRender (http://localhost:3001/bundle.js:22519:13)
    at http://localhost:3001/bundle.js:26226:5
    at processDispatchQueue (http://localhost:3001/bundle.js:40560:13)
    at http://localhost:3001/bundle.js:41112:5
    at batchedUpdates$1 (http://localhost:3001/bundle.js:30172:36)
    at dispatchEventForPluginEventSystem (http://localhost:3001/bundle.js:40698:3)
    at dispatchEvent (http://localhost:3001/bundle.js:43401:7)
[2026-02-15T07:25:23.763Z] [render_1771140323762_6b6eb08d8698594f] Starting render job. Config: "VideoEditor"
[2026-02-15T07:25:23.765Z] [render_1771140323762_6b6eb08d8698594f] Bundling Remotion project...
[2026-02-15T07:25:28.673Z] [render_1771140323762_6b6eb08d8698594f] Bundle created at: C:\Users\stole\AppData\Local\Temp\remotion-webpack-bundle-Mx8Hle
[2026-02-15T07:25:28.675Z] [render_1771140323762_6b6eb08d8698594f] Selecting composition: VideoEditor
[2026-02-15T07:25:30.634Z] [render_1771140323762_6b6eb08d8698594f] Composition selected: 1920x1080
[2026-02-15T07:25:30.635Z] [render_1771140323762_6b6eb08d8698594f] Rendering video to C:\Users\stole\AppData\Local\Temp\render_1771140323762_6b6eb08d8698594f.mp4...
[2026-02-15T07:25:35.841Z] [render_1771140323762_6b6eb08d8698594f] Render failed: Error loading image with src: http://localhost:3001/api/image-proxy?url=https%3A%2F%2Fpub-760dc7f0a82e481197568d0a306385c6.r2.dev%2Fusers%2F5dP04gFN7RdraHyCxXphPZcRN432%2Fuploads%2F1770906504271-626871908_1259912232649041_2515516117265442998_n.jpg
[2026-02-15T07:25:35.851Z] [render_1771140323762_6b6eb08d8698594f] CRITICAL FAIL: Error: Error loading image with src: http://localhost:3001/api/image-proxy?url=https%3A%2F%2Fpub-760dc7f0a82e481197568d0a306385c6.r2.dev%2Fusers%2F5dP04gFN7RdraHyCxXphPZcRN432%2Fuploads%2F1770906504271-626871908_1259912232649041_2515516117265442998_n.jpg
    at cancelRender (http://localhost:3001/bundle.js:22519:13)
    at http://localhost:3001/bundle.js:26226:5
    at processDispatchQueue (http://localhost:3001/bundle.js:40560:13)
    at http://localhost:3001/bundle.js:41112:5
    at batchedUpdates$1 (http://localhost:3001/bundle.js:30172:36)
    at dispatchEventForPluginEventSystem (http://localhost:3001/bundle.js:40698:3)
    at dispatchEvent (http://localhost:3001/bundle.js:43401:7)
[2026-02-15T08:37:25.847Z] [render_1771144645828_9d0d11f8157c9a25] Starting render job. Config: "VideoEditor"
[2026-02-15T08:37:25.864Z] [render_1771144645828_9d0d11f8157c9a25] Bundling Remotion project...
[2026-02-15T08:37:44.267Z] [render_1771144645828_9d0d11f8157c9a25] Bundle created at: C:\Users\stole\AppData\Local\Temp\remotion-webpack-bundle-Si96ac
[2026-02-15T08:37:44.268Z] [render_1771144645828_9d0d11f8157c9a25] Selecting composition: VideoEditor
[2026-02-15T08:37:47.701Z] [render_1771144645828_9d0d11f8157c9a25] Composition selected: 1920x1080
[2026-02-15T08:37:47.704Z] [render_1771144645828_9d0d11f8157c9a25] Rendering video to C:\Users\stole\AppData\Local\Temp\render_1771144645828_9d0d11f8157c9a25.mp4...
[2026-02-15T08:37:51.120Z] [render_1771144645828_9d0d11f8157c9a25] Render failed: Error while downloading http://localhost:3001/api/image-proxy?url=https%3A%2F%2Fpub-760dc7f0a82e481197568d0a306385c6.r2.dev%2Fusers%2F5dP04gFN7RdraHyCxXphPZcRN432%2Fuploads%2F1771055839110-Helium_-_The_Chainsmokers.mp3: Error: Received a status code of 404 while downloading file http://localhost:3001/api/image-proxy?url=https%3A%2F%2Fpub-760dc7f0a82e481197568d0a306385c6.r2.dev%2Fusers%2F5dP04gFN7RdraHyCxXphPZcRN432%2Fuploads%2F1771055839110-Helium_-_The_Chainsmokers.mp3.
The response body was:
---
{"statusCode":404,"message":"The requested path (C:\\Users\\stole\\AppData\\Local\\Temp\\remotion-webpack-bundle-Si96ac\\api\\image-proxy) could not be found"}
---
    at readFile (file:///C:/Users/stole/OneDrive/Desktop/react-video-editor-main/react-video-editor-main/node_modules/.pnpm/@remotion+renderer@4.0.315__21a16432f6a5b786fb60b4b3219f28f3/node_modules/@remotion/renderer/dist/esm/index.mjs:499:11)
    at process.processTicksAndRejections (node:internal/process/task_queues:103:5)
[2026-02-15T08:37:51.188Z] [render_1771144645828_9d0d11f8157c9a25] CRITICAL FAIL: Error: Error while downloading http://localhost:3001/api/image-proxy?url=https%3A%2F%2Fpub-760dc7f0a82e481197568d0a306385c6.r2.dev%2Fusers%2F5dP04gFN7RdraHyCxXphPZcRN432%2Fuploads%2F1771055839110-Helium_-_The_Chainsmokers.mp3: Error: Received a status code of 404 while downloading file http://localhost:3001/api/image-proxy?url=https%3A%2F%2Fpub-760dc7f0a82e481197568d0a306385c6.r2.dev%2Fusers%2F5dP04gFN7RdraHyCxXphPZcRN432%2Fuploads%2F1771055839110-Helium_-_The_Chainsmokers.mp3.
The response body was:
---
{"statusCode":404,"message":"The requested path (C:\\Users\\stole\\AppData\\Local\\Temp\\remotion-webpack-bundle-Si96ac\\api\\image-proxy) could not be found"}
---
    at readFile (file:///C:/Users/stole/OneDrive/Desktop/react-video-editor-main/react-video-editor-main/node_modules/.pnpm/@remotion+renderer@4.0.315__21a16432f6a5b786fb60b4b3219f28f3/node_modules/@remotion/renderer/dist/esm/index.mjs:499:11)
    at process.processTicksAndRejections (node:internal/process/task_queues:103:5)
    at file:///C:/Users/stole/OneDrive/Desktop/react-video-editor-main/react-video-editor-main/node_modules/.pnpm/@remotion+renderer@4.0.315__21a16432f6a5b786fb60b4b3219f28f3/node_modules/@remotion/renderer/dist/esm/index.mjs:18192:15
    at process.processTicksAndRejections (node:internal/process/task_queues:103:5)
[2026-02-15T08:40:19.855Z] [render_1771144819853_42b847f1a8cdc14c] Starting render job. Config: "VideoEditor"
[2026-02-15T08:40:19.857Z] [render_1771144819853_42b847f1a8cdc14c] Bundling Remotion project...
[2026-02-15T08:40:25.530Z] [render_1771144819853_42b847f1a8cdc14c] Bundle created at: C:\Users\stole\AppData\Local\Temp\remotion-webpack-bundle-PyBXtz
[2026-02-15T08:40:25.536Z] [render_1771144819853_42b847f1a8cdc14c] Selecting composition: VideoEditor
[2026-02-15T08:40:26.904Z] [render_1771144819853_42b847f1a8cdc14c] Composition selected: 1920x1080
[2026-02-15T08:40:26.906Z] [render_1771144819853_42b847f1a8cdc14c] Rendering video to C:\Users\stole\AppData\Local\Temp\render_1771144819853_42b847f1a8cdc14c.mp4...
[2026-02-15T08:40:57.247Z] [render_1771144819853_42b847f1a8cdc14c] Rendering finished
[2026-02-15T08:40:57.249Z] [render_1771144819853_42b847f1a8cdc14c] Uploading to R2...
[2026-02-15T08:40:59.902Z] [render_1771144819853_42b847f1a8cdc14c] Upload complete: https://pub-760dc7f0a82e481197568d0a306385c6.r2.dev/renders/render_1771144819853_42b847f1a8cdc14c.mp4
[2026-02-15T08:40:59.923Z] [render_1771144819853_42b847f1a8cdc14c] Job completed successfully
[2026-02-17T08:42:10.641Z] [render_1771317730640_20135bb2cd10ad5f] Starting render job. Config: "VideoEditor"
[2026-02-17T08:42:10.644Z] [render_1771317730640_20135bb2cd10ad5f] Bundling Remotion project...
[2026-02-17T08:42:16.335Z] [render_1771317730640_20135bb2cd10ad5f] Bundle created at: C:\Users\stole\AppData\Local\Temp\remotion-webpack-bundle-6AYYJd
[2026-02-17T08:42:16.336Z] [render_1771317730640_20135bb2cd10ad5f] Selecting composition: VideoEditor
[2026-02-17T08:42:19.075Z] [render_1771317730640_20135bb2cd10ad5f] Composition selected: 1920x1080
[2026-02-17T08:42:19.076Z] [render_1771317730640_20135bb2cd10ad5f] Rendering video to C:\Users\stole\AppData\Local\Temp\render_1771317730640_20135bb2cd10ad5f.mp4...
[2026-02-17T08:42:23.612Z] [render_1771317730640_20135bb2cd10ad5f] Render failed: Error loading image with src: http://localhost:3001/api/image-proxy?url=https%3A%2F%2Fpub-760dc7f0a82e481197568d0a306385c6.r2.dev%2Fusers%2F5dP04gFN7RdraHyCxXphPZcRN432%2Fuploads%2F1771140855951-FusionAI__1_.png
[2026-02-17T08:42:23.620Z] [render_1771317730640_20135bb2cd10ad5f] CRITICAL FAIL: Error: Error loading image with src: http://localhost:3001/api/image-proxy?url=https%3A%2F%2Fpub-760dc7f0a82e481197568d0a306385c6.r2.dev%2Fusers%2F5dP04gFN7RdraHyCxXphPZcRN432%2Fuploads%2F1771140855951-FusionAI__1_.png
    at cancelRender (http://localhost:3001/bundle.js:22519:13)
    at http://localhost:3001/bundle.js:26226:5
    at processDispatchQueue (http://localhost:3001/bundle.js:40560:13)
    at http://localhost:3001/bundle.js:41112:5
    at batchedUpdates$1 (http://localhost:3001/bundle.js:30172:36)
    at dispatchEventForPluginEventSystem (http://localhost:3001/bundle.js:40698:3)
    at dispatchEvent (http://localhost:3001/bundle.js:43401:7)
[2026-02-17T13:26:12.694Z] [e5c39d3d-271e-4ab0-b6b2-4aedfc6513d4] Starting render job. Config: "VideoEditor"
[2026-02-17T13:26:13.153Z] [e5c39d3d-271e-4ab0-b6b2-4aedfc6513d4] Bundling Remotion project...
[2026-02-17T13:26:16.711Z] [e5c39d3d-271e-4ab0-b6b2-4aedfc6513d4] Bundle created at: C:\Users\stole\AppData\Local\Temp\remotion-webpack-bundle-cK1f3S
[2026-02-17T13:26:17.248Z] [e5c39d3d-271e-4ab0-b6b2-4aedfc6513d4] Selecting composition: VideoEditor
[2026-02-17T13:26:19.736Z] [e5c39d3d-271e-4ab0-b6b2-4aedfc6513d4] Composition selected: 1920x1080
[2026-02-17T13:26:20.002Z] [e5c39d3d-271e-4ab0-b6b2-4aedfc6513d4] Rendering video to C:\Users\stole\AppData\Local\Temp\e5c39d3d-271e-4ab0-b6b2-4aedfc6513d4.mp4...
[2026-02-17T13:26:24.666Z] [e5c39d3d-271e-4ab0-b6b2-4aedfc6513d4] Render failed: Error loading image with src: http://localhost:3001/api/image-proxy?url=https%3A%2F%2Fpub-760dc7f0a82e481197568d0a306385c6.r2.dev%2Fusers%2F5dP04gFN7RdraHyCxXphPZcRN432%2Fuploads%2F1771140855951-FusionAI__1_.png
[2026-02-17T13:26:24.944Z] [e5c39d3d-271e-4ab0-b6b2-4aedfc6513d4] CRITICAL FAIL: Error: Error loading image with src: http://localhost:3001/api/image-proxy?url=https%3A%2F%2Fpub-760dc7f0a82e481197568d0a306385c6.r2.dev%2Fusers%2F5dP04gFN7RdraHyCxXphPZcRN432%2Fuploads%2F1771140855951-FusionAI__1_.png
    at cancelRender (http://localhost:3001/bundle.js:22519:13)
    at http://localhost:3001/bundle.js:26226:5
    at processDispatchQueue (http://localhost:3001/bundle.js:40560:13)
    at http://localhost:3001/bundle.js:41112:5
    at batchedUpdates$1 (http://localhost:3001/bundle.js:30172:36)
    at dispatchEventForPluginEventSystem (http://localhost:3001/bundle.js:40698:3)
    at dispatchEvent (http://localhost:3001/bundle.js:43401:7)
[2026-02-17T13:33:53.169Z] [a8855cc7-d746-4672-9afa-1e49008514e3] Starting render job. Config: "VideoEditor"
[2026-02-17T13:33:53.714Z] [a8855cc7-d746-4672-9afa-1e49008514e3] Bundling Remotion project...
[2026-02-17T13:33:56.032Z] [a8855cc7-d746-4672-9afa-1e49008514e3] Bundle created at: C:\Users\stole\AppData\Local\Temp\remotion-webpack-bundle-NQJMCZ
[2026-02-17T13:33:56.340Z] [a8855cc7-d746-4672-9afa-1e49008514e3] Selecting composition: VideoEditor
[2026-02-17T13:33:57.177Z] [a8855cc7-d746-4672-9afa-1e49008514e3] Composition selected: 1920x1080
[2026-02-17T13:33:57.534Z] [a8855cc7-d746-4672-9afa-1e49008514e3] Rendering video to C:\Users\stole\AppData\Local\Temp\a8855cc7-d746-4672-9afa-1e49008514e3.mp4...
[2026-02-17T13:34:22.024Z] [a8855cc7-d746-4672-9afa-1e49008514e3] Rendering finished
[2026-02-17T13:34:22.388Z] [a8855cc7-d746-4672-9afa-1e49008514e3] Uploading to R2...
[2026-02-17T13:34:27.043Z] [a8855cc7-d746-4672-9afa-1e49008514e3] Upload complete: https://pub-760dc7f0a82e481197568d0a306385c6.r2.dev/renders/a8855cc7-d746-4672-9afa-1e49008514e3.mp4
[2026-02-17T13:34:27.561Z] [a8855cc7-d746-4672-9afa-1e49008514e3] Job completed successfully
[2026-02-17T14:50:49.886Z] [dcecca56-2256-4c95-b6cf-7b7c1e986fb4] Starting render job. Config: "VideoEditor"
[2026-02-17T14:50:50.891Z] [dcecca56-2256-4c95-b6cf-7b7c1e986fb4] Bundling Remotion project...
[2026-02-17T14:50:55.536Z] [dcecca56-2256-4c95-b6cf-7b7c1e986fb4] Bundle created at: C:\Users\stole\AppData\Local\Temp\remotion-webpack-bundle-pH5P9s
[2026-02-17T14:50:56.002Z] [dcecca56-2256-4c95-b6cf-7b7c1e986fb4] Selecting composition: VideoEditor
[2026-02-17T14:50:57.674Z] [dcecca56-2256-4c95-b6cf-7b7c1e986fb4] Composition selected: 1080x1920
[2026-02-17T14:50:57.898Z] [dcecca56-2256-4c95-b6cf-7b7c1e986fb4] Rendering video to C:\Users\stole\AppData\Local\Temp\dcecca56-2256-4c95-b6cf-7b7c1e986fb4.mp4...
[2026-02-17T14:51:22.582Z] [dcecca56-2256-4c95-b6cf-7b7c1e986fb4] Rendering finished
[2026-02-17T14:51:23.139Z] [dcecca56-2256-4c95-b6cf-7b7c1e986fb4] Uploading to R2...
[2026-02-17T14:51:25.235Z] [dcecca56-2256-4c95-b6cf-7b7c1e986fb4] Upload complete: https://pub-760dc7f0a82e481197568d0a306385c6.r2.dev/renders/dcecca56-2256-4c95-b6cf-7b7c1e986fb4.mp4
[2026-02-17T14:51:25.456Z] [dcecca56-2256-4c95-b6cf-7b7c1e986fb4] Job completed successfully
[2026-02-17T14:52:01.132Z] [6326d8fe-c15a-4ca6-aa6b-54e59ab50897] Starting render job. Config: "VideoEditor"
[2026-02-17T14:52:01.433Z] [6326d8fe-c15a-4ca6-aa6b-54e59ab50897] Bundling Remotion project...
[2026-02-17T14:52:02.926Z] [6326d8fe-c15a-4ca6-aa6b-54e59ab50897] Bundle created at: C:\Users\stole\AppData\Local\Temp\remotion-webpack-bundle-V32Wos
[2026-02-17T14:52:03.185Z] [6326d8fe-c15a-4ca6-aa6b-54e59ab50897] Selecting composition: VideoEditor
[2026-02-17T14:52:03.816Z] [6326d8fe-c15a-4ca6-aa6b-54e59ab50897] Composition selected: 1080x1920
[2026-02-17T14:52:03.932Z] [dfb45b2d-fa6e-42ae-a882-a691b2998953] Starting render job. Config: "VideoEditor"
[2026-02-17T14:52:04.051Z] [6326d8fe-c15a-4ca6-aa6b-54e59ab50897] Rendering video to C:\Users\stole\AppData\Local\Temp\6326d8fe-c15a-4ca6-aa6b-54e59ab50897.mp4...
[2026-02-17T14:52:04.169Z] [dfb45b2d-fa6e-42ae-a882-a691b2998953] Bundling Remotion project...
[2026-02-17T14:52:06.376Z] [dfb45b2d-fa6e-42ae-a882-a691b2998953] Bundle created at: C:\Users\stole\AppData\Local\Temp\remotion-webpack-bundle-ejRnKh
[2026-02-17T14:52:06.629Z] [dfb45b2d-fa6e-42ae-a882-a691b2998953] Selecting composition: VideoEditor
[2026-02-17T14:52:07.546Z] [dfb45b2d-fa6e-42ae-a882-a691b2998953] Composition selected: 1080x1920
[2026-02-17T14:52:08.231Z] [dfb45b2d-fa6e-42ae-a882-a691b2998953] Rendering video to C:\Users\stole\AppData\Local\Temp\dfb45b2d-fa6e-42ae-a882-a691b2998953.mp4...
[2026-02-17T14:52:42.096Z] [6326d8fe-c15a-4ca6-aa6b-54e59ab50897] Rendering finished
[2026-02-17T14:52:42.718Z] [6326d8fe-c15a-4ca6-aa6b-54e59ab50897] Uploading to R2...
[2026-02-17T14:52:43.779Z] [6326d8fe-c15a-4ca6-aa6b-54e59ab50897] Upload complete: https://pub-760dc7f0a82e481197568d0a306385c6.r2.dev/renders/6326d8fe-c15a-4ca6-aa6b-54e59ab50897.mp4
[2026-02-17T14:52:44.016Z] [6326d8fe-c15a-4ca6-aa6b-54e59ab50897] Job completed successfully
[2026-02-17T14:52:44.387Z] [dfb45b2d-fa6e-42ae-a882-a691b2998953] Rendering finished
[2026-02-17T14:52:44.882Z] [dfb45b2d-fa6e-42ae-a882-a691b2998953] Uploading to R2...
[2026-02-17T14:52:45.794Z] [dfb45b2d-fa6e-42ae-a882-a691b2998953] Upload complete: https://pub-760dc7f0a82e481197568d0a306385c6.r2.dev/renders/dfb45b2d-fa6e-42ae-a882-a691b2998953.mp4
[2026-02-17T14:52:46.005Z] [dfb45b2d-fa6e-42ae-a882-a691b2998953] Job completed successfully
[2026-02-17T14:55:18.993Z] [3b0ea185-2341-4779-a28b-e2281338f2e5] Starting render job. Config: "VideoEditor"
[2026-02-17T14:55:19.575Z] [ab522096-650e-4050-81a2-0e317f36ada1] Starting render job. Config: "VideoEditor"
[2026-02-17T14:55:19.585Z] [3b0ea185-2341-4779-a28b-e2281338f2e5] Bundling Remotion project...
[2026-02-17T14:55:19.956Z] [ab522096-650e-4050-81a2-0e317f36ada1] Bundling Remotion project...
[2026-02-17T14:55:24.495Z] [3b0ea185-2341-4779-a28b-e2281338f2e5] Bundle created at: C:\Users\stole\AppData\Local\Temp\remotion-webpack-bundle-u1LBVR
[2026-02-17T14:55:24.799Z] [3b0ea185-2341-4779-a28b-e2281338f2e5] Selecting composition: VideoEditor
[2026-02-17T14:55:25.659Z] [ab522096-650e-4050-81a2-0e317f36ada1] Bundle created at: C:\Users\stole\AppData\Local\Temp\remotion-webpack-bundle-WjyQZu
[2026-02-17T14:55:25.989Z] [ab522096-650e-4050-81a2-0e317f36ada1] Selecting composition: VideoEditor
[2026-02-17T14:55:26.271Z] [3b0ea185-2341-4779-a28b-e2281338f2e5] Composition selected: 1080x1920
[2026-02-17T14:55:26.745Z] [3b0ea185-2341-4779-a28b-e2281338f2e5] Rendering video to C:\Users\stole\AppData\Local\Temp\3b0ea185-2341-4779-a28b-e2281338f2e5.mp4...
[2026-02-17T14:55:27.851Z] [ab522096-650e-4050-81a2-0e317f36ada1] Composition selected: 1080x1920
[2026-02-17T14:55:28.187Z] [ab522096-650e-4050-81a2-0e317f36ada1] Rendering video to C:\Users\stole\AppData\Local\Temp\ab522096-650e-4050-81a2-0e317f36ada1.mp4...
[2026-02-17T14:55:30.251Z] [3b0ea185-2341-4779-a28b-e2281338f2e5] Render failed: Error while downloading http://localhost:3001/api/image-proxy?url=https%3A%2F%2Fpub-760dc7f0a82e481197568d0a306385c6.r2.dev%2Fusers%2F5dP04gFN7RdraHyCxXphPZcRN432%2Fuploads%2F1771144976430-Justin_Bieber_-_Daisies__NOTD_Remix_.mp3: Error: Received a status code of 404 while downloading file http://localhost:3001/api/image-proxy?url=https%3A%2F%2Fpub-760dc7f0a82e481197568d0a306385c6.r2.dev%2Fusers%2F5dP04gFN7RdraHyCxXphPZcRN432%2Fuploads%2F1771144976430-Justin_Bieber_-_Daisies__NOTD_Remix_.mp3.
The response body was:
---
{"statusCode":404,"message":"The requested path (C:\\Users\\stole\\AppData\\Local\\Temp\\remotion-webpack-bundle-u1LBVR\\api\\image-proxy) could not be found"}
---
    at readFile (file:///C:/Users/stole/OneDrive/Desktop/react-video-editor-main/react-video-editor-main/node_modules/.pnpm/@remotion+renderer@4.0.315__21a16432f6a5b786fb60b4b3219f28f3/node_modules/@remotion/renderer/dist/esm/index.mjs:499:11)
    at process.processTicksAndRejections (node:internal/process/task_queues:103:5)
[2026-02-17T14:55:30.638Z] [3b0ea185-2341-4779-a28b-e2281338f2e5] CRITICAL FAIL: Error: Error while downloading http://localhost:3001/api/image-proxy?url=https%3A%2F%2Fpub-760dc7f0a82e481197568d0a306385c6.r2.dev%2Fusers%2F5dP04gFN7RdraHyCxXphPZcRN432%2Fuploads%2F1771144976430-Justin_Bieber_-_Daisies__NOTD_Remix_.mp3: Error: Received a status code of 404 while downloading file http://localhost:3001/api/image-proxy?url=https%3A%2F%2Fpub-760dc7f0a82e481197568d0a306385c6.r2.dev%2Fusers%2F5dP04gFN7RdraHyCxXphPZcRN432%2Fuploads%2F1771144976430-Justin_Bieber_-_Daisies__NOTD_Remix_.mp3.
The response body was:
---
{"statusCode":404,"message":"The requested path (C:\\Users\\stole\\AppData\\Local\\Temp\\remotion-webpack-bundle-u1LBVR\\api\\image-proxy) could not be found"}
---
    at readFile (file:///C:/Users/stole/OneDrive/Desktop/react-video-editor-main/react-video-editor-main/node_modules/.pnpm/@remotion+renderer@4.0.315__21a16432f6a5b786fb60b4b3219f28f3/node_modules/@remotion/renderer/dist/esm/index.mjs:499:11)
    at process.processTicksAndRejections (node:internal/process/task_queues:103:5)
    at file:///C:/Users/stole/OneDrive/Desktop/react-video-editor-main/react-video-editor-main/node_modules/.pnpm/@remotion+renderer@4.0.315__21a16432f6a5b786fb60b4b3219f28f3/node_modules/@remotion/renderer/dist/esm/index.mjs:18192:15
    at process.processTicksAndRejections (node:internal/process/task_queues:103:5)
[2026-02-17T14:55:31.343Z] [ab522096-650e-4050-81a2-0e317f36ada1] Render failed: Error while downloading http://localhost:3002/api/image-proxy?url=https%3A%2F%2Fpub-760dc7f0a82e481197568d0a306385c6.r2.dev%2Fusers%2F5dP04gFN7RdraHyCxXphPZcRN432%2Fuploads%2F1771144976430-Justin_Bieber_-_Daisies__NOTD_Remix_.mp3: Error: Received a status code of 404 while downloading file http://localhost:3002/api/image-proxy?url=https%3A%2F%2Fpub-760dc7f0a82e481197568d0a306385c6.r2.dev%2Fusers%2F5dP04gFN7RdraHyCxXphPZcRN432%2Fuploads%2F1771144976430-Justin_Bieber_-_Daisies__NOTD_Remix_.mp3.
The response body was:
---
{"statusCode":404,"message":"The requested path (C:\\Users\\stole\\AppData\\Local\\Temp\\remotion-webpack-bundle-WjyQZu\\api\\image-proxy) could not be found"}
---
    at readFile (file:///C:/Users/stole/OneDrive/Desktop/react-video-editor-main/react-video-editor-main/node_modules/.pnpm/@remotion+renderer@4.0.315__21a16432f6a5b786fb60b4b3219f28f3/node_modules/@remotion/renderer/dist/esm/index.mjs:499:11)
    at process.processTicksAndRejections (node:internal/process/task_queues:103:5)
[2026-02-17T14:55:31.703Z] [ab522096-650e-4050-81a2-0e317f36ada1] CRITICAL FAIL: Error: Error while downloading http://localhost:3002/api/image-proxy?url=https%3A%2F%2Fpub-760dc7f0a82e481197568d0a306385c6.r2.dev%2Fusers%2F5dP04gFN7RdraHyCxXphPZcRN432%2Fuploads%2F1771144976430-Justin_Bieber_-_Daisies__NOTD_Remix_.mp3: Error: Received a status code of 404 while downloading file http://localhost:3002/api/image-proxy?url=https%3A%2F%2Fpub-760dc7f0a82e481197568d0a306385c6.r2.dev%2Fusers%2F5dP04gFN7RdraHyCxXphPZcRN432%2Fuploads%2F1771144976430-Justin_Bieber_-_Daisies__NOTD_Remix_.mp3.
The response body was:
---
{"statusCode":404,"message":"The requested path (C:\\Users\\stole\\AppData\\Local\\Temp\\remotion-webpack-bundle-WjyQZu\\api\\image-proxy) could not be found"}
---
    at readFile (file:///C:/Users/stole/OneDrive/Desktop/react-video-editor-main/react-video-editor-main/node_modules/.pnpm/@remotion+renderer@4.0.315__21a16432f6a5b786fb60b4b3219f28f3/node_modules/@remotion/renderer/dist/esm/index.mjs:499:11)
    at process.processTicksAndRejections (node:internal/process/task_queues:103:5)
    at file:///C:/Users/stole/OneDrive/Desktop/react-video-editor-main/react-video-editor-main/node_modules/.pnpm/@remotion+renderer@4.0.315__21a16432f6a5b786fb60b4b3219f28f3/node_modules/@remotion/renderer/dist/esm/index.mjs:18192:15
    at process.processTicksAndRejections (node:internal/process/task_queues:103:5)
[2026-02-17T15:12:42.722Z] [abcb06c2-7738-40f4-bc4e-930f8911a961] Starting render job. Config: "VideoEditor"
[2026-02-17T15:12:42.964Z] [abcb06c2-7738-40f4-bc4e-930f8911a961] Bundling Remotion project...
[2026-02-17T15:12:47.161Z] [abcb06c2-7738-40f4-bc4e-930f8911a961] Bundle created at: C:\Users\stole\AppData\Local\Temp\remotion-webpack-bundle-tfzHFB
[2026-02-17T15:12:47.398Z] [abcb06c2-7738-40f4-bc4e-930f8911a961] Selecting composition: VideoEditor
[2026-02-17T15:12:49.129Z] [abcb06c2-7738-40f4-bc4e-930f8911a961] Composition selected: 1080x1920
[2026-02-17T15:12:49.362Z] [abcb06c2-7738-40f4-bc4e-930f8911a961] Rendering video to C:\Users\stole\AppData\Local\Temp\abcb06c2-7738-40f4-bc4e-930f8911a961.mp4...
[2026-02-17T15:12:54.390Z] [abcb06c2-7738-40f4-bc4e-930f8911a961] Render failed: Error loading image with src: http://localhost:3001/api/image-proxy?url=https%3A%2F%2Fpub-760dc7f0a82e481197568d0a306385c6.r2.dev%2Fusers%2F5dP04gFN7RdraHyCxXphPZcRN432%2Fuploads%2F1770906504271-626871908_1259912232649041_2515516117265442998_n.jpg
[2026-02-17T15:12:54.600Z] [abcb06c2-7738-40f4-bc4e-930f8911a961] CRITICAL FAIL: Error: Error loading image with src: http://localhost:3001/api/image-proxy?url=https%3A%2F%2Fpub-760dc7f0a82e481197568d0a306385c6.r2.dev%2Fusers%2F5dP04gFN7RdraHyCxXphPZcRN432%2Fuploads%2F1770906504271-626871908_1259912232649041_2515516117265442998_n.jpg
    at cancelRender (http://localhost:3001/bundle.js:22519:13)
    at http://localhost:3001/bundle.js:26226:5
    at processDispatchQueue (http://localhost:3001/bundle.js:40560:13)
    at http://localhost:3001/bundle.js:41112:5
    at batchedUpdates$1 (http://localhost:3001/bundle.js:30172:36)
    at dispatchEventForPluginEventSystem (http://localhost:3001/bundle.js:40698:3)
    at dispatchEvent (http://localhost:3001/bundle.js:43401:7)
[2026-02-17T15:13:23.082Z] [096966e8-479b-4306-a89f-5aaf0e30ef71] Starting render job. Config: "VideoEditor"
[2026-02-17T15:13:23.364Z] [096966e8-479b-4306-a89f-5aaf0e30ef71] Bundling Remotion project...
[2026-02-17T15:13:25.344Z] [096966e8-479b-4306-a89f-5aaf0e30ef71] Bundle created at: C:\Users\stole\AppData\Local\Temp\remotion-webpack-bundle-OuOwVP
[2026-02-17T15:13:25.625Z] [096966e8-479b-4306-a89f-5aaf0e30ef71] Selecting composition: VideoEditor
[2026-02-17T15:13:26.269Z] [096966e8-479b-4306-a89f-5aaf0e30ef71] Composition selected: 1080x1920
[2026-02-17T15:13:26.493Z] [096966e8-479b-4306-a89f-5aaf0e30ef71] Rendering video to C:\Users\stole\AppData\Local\Temp\096966e8-479b-4306-a89f-5aaf0e30ef71.mp4...
[2026-02-17T15:13:30.879Z] [096966e8-479b-4306-a89f-5aaf0e30ef71] Render failed: Error loading image with src: http://localhost:3001/api/image-proxy?url=https%3A%2F%2Fpub-760dc7f0a82e481197568d0a306385c6.r2.dev%2Fusers%2F5dP04gFN7RdraHyCxXphPZcRN432%2Fuploads%2F1771335214873-favicon.jpg
[2026-02-17T15:13:31.220Z] [096966e8-479b-4306-a89f-5aaf0e30ef71] CRITICAL FAIL: Error: Error loading image with src: http://localhost:3001/api/image-proxy?url=https%3A%2F%2Fpub-760dc7f0a82e481197568d0a306385c6.r2.dev%2Fusers%2F5dP04gFN7RdraHyCxXphPZcRN432%2Fuploads%2F1771335214873-favicon.jpg
    at cancelRender (http://localhost:3001/bundle.js:22519:13)
    at http://localhost:3001/bundle.js:26226:5
    at processDispatchQueue (http://localhost:3001/bundle.js:40560:13)
    at http://localhost:3001/bundle.js:41112:5
    at batchedUpdates$1 (http://localhost:3001/bundle.js:30172:36)
    at dispatchEventForPluginEventSystem (http://localhost:3001/bundle.js:40698:3)
    at dispatchEvent (http://localhost:3001/bundle.js:43401:7)
[2026-03-03T09:05:44.551Z] [0b530264-211a-4a5f-ae54-bb294f1e9e08] Starting render job. Config: "VideoEditor"
[2026-03-03T09:05:44.948Z] [0b530264-211a-4a5f-ae54-bb294f1e9e08] Bundling Remotion project...
[2026-03-03T09:05:52.827Z] [0b530264-211a-4a5f-ae54-bb294f1e9e08] Bundle created at: C:\Users\stole\AppData\Local\Temp\remotion-webpack-bundle-46MPEz
[2026-03-03T09:05:53.292Z] [0b530264-211a-4a5f-ae54-bb294f1e9e08] Selecting composition: VideoEditor
[2026-03-03T09:05:53.994Z] [0b530264-211a-4a5f-ae54-bb294f1e9e08] Render failed: listen EACCES: permission denied :::3001
[2026-03-03T09:05:54.290Z] [0b530264-211a-4a5f-ae54-bb294f1e9e08] CRITICAL FAIL: Error: listen EACCES: permission denied :::3001
    at Server.setupListenHandle [as _listen2] (node:net:1918:21)
    at listenInCluster (node:net:1997:12)
    at node:net:2206:7
    at process.processTicksAndRejections (node:internal/process/task_queues:89:21)
[2026-03-06T07:52:30.829Z] [cc1d7013-04ec-4325-a0ed-bafd35e01560] Starting render job. Config: "VideoEditor"
[2026-03-06T07:52:31.264Z] [cc1d7013-04ec-4325-a0ed-bafd35e01560] Bundling Remotion project...
[2026-03-06T07:52:39.483Z] [cc1d7013-04ec-4325-a0ed-bafd35e01560] Bundle created at: C:\Users\stole\AppData\Local\Temp\remotion-webpack-bundle-WKGQnK
[2026-03-06T07:52:40.543Z] [cc1d7013-04ec-4325-a0ed-bafd35e01560] Selecting composition: VideoEditor
[2026-03-06T07:52:43.111Z] [cc1d7013-04ec-4325-a0ed-bafd35e01560] Composition selected: 1080x1920
[2026-03-06T07:52:43.425Z] [cc1d7013-04ec-4325-a0ed-bafd35e01560] Rendering video to C:\Users\stole\AppData\Local\Temp\cc1d7013-04ec-4325-a0ed-bafd35e01560.mp4...
[2026-03-06T07:52:48.077Z] [cc1d7013-04ec-4325-a0ed-bafd35e01560] Render failed: Error loading image with src: http://localhost:3001/api/image-proxy?url=https%3A%2F%2Fpub-760dc7f0a82e481197568d0a306385c6.r2.dev%2Fusers%2FnjFr44KGN4QZB1QCM7Szic3J4eg1%2Fuploads%2F1772783326330-supabase-schema-ftylxpvdxxudxvqogrjk__1_.png
[2026-03-06T07:52:48.452Z] [cc1d7013-04ec-4325-a0ed-bafd35e01560] CRITICAL FAIL: Error: Error loading image with src: http://localhost:3001/api/image-proxy?url=https%3A%2F%2Fpub-760dc7f0a82e481197568d0a306385c6.r2.dev%2Fusers%2FnjFr44KGN4QZB1QCM7Szic3J4eg1%2Fuploads%2F1772783326330-supabase-schema-ftylxpvdxxudxvqogrjk__1_.png
    at cancelRender (http://localhost:3001/bundle.js:22519:13)
    at http://localhost:3001/bundle.js:26226:5
    at processDispatchQueue (http://localhost:3001/bundle.js:40560:13)
    at http://localhost:3001/bundle.js:41112:5
    at batchedUpdates$1 (http://localhost:3001/bundle.js:30172:36)
    at dispatchEventForPluginEventSystem (http://localhost:3001/bundle.js:40698:3)
    at dispatchEvent (http://localhost:3001/bundle.js:43401:7)
[2026-03-06T08:06:22.822Z] [e706f6b8-0fcf-4500-ae5b-6c5e51db0712] Starting render job. Config: "VideoEditor"
[2026-03-06T08:06:23.122Z] [e706f6b8-0fcf-4500-ae5b-6c5e51db0712] Bundling Remotion project...
[2026-03-06T08:06:29.664Z] [e706f6b8-0fcf-4500-ae5b-6c5e51db0712] Bundle created at: C:\Users\stole\AppData\Local\Temp\remotion-webpack-bundle-ZNvdPw
[2026-03-06T08:06:30.395Z] [e706f6b8-0fcf-4500-ae5b-6c5e51db0712] Selecting composition: VideoEditor
[2026-03-06T08:06:32.437Z] [e706f6b8-0fcf-4500-ae5b-6c5e51db0712] Composition selected: 1080x1920
[2026-03-06T08:06:32.748Z] [e706f6b8-0fcf-4500-ae5b-6c5e51db0712] Rendering video to C:\Users\stole\AppData\Local\Temp\e706f6b8-0fcf-4500-ae5b-6c5e51db0712.mp4...
[2026-03-06T08:06:57.630Z] [e706f6b8-0fcf-4500-ae5b-6c5e51db0712] Rendering finished
[2026-03-06T08:06:58.965Z] [e706f6b8-0fcf-4500-ae5b-6c5e51db0712] Uploading to R2...
[2026-03-06T08:07:05.429Z] [e706f6b8-0fcf-4500-ae5b-6c5e51db0712] Upload complete: https://pub-760dc7f0a82e481197568d0a306385c6.r2.dev/renders/e706f6b8-0fcf-4500-ae5b-6c5e51db0712.mp4
[2026-03-06T08:07:05.666Z] [e706f6b8-0fcf-4500-ae5b-6c5e51db0712] Job completed successfully
[2026-03-06T08:08:10.034Z] [5f3936f4-df30-4ba9-910f-2d8140edc6a6] Starting render job. Config: "VideoEditor"
[2026-03-06T08:08:10.337Z] [5f3936f4-df30-4ba9-910f-2d8140edc6a6] Bundling Remotion project...
[2026-03-06T08:08:12.575Z] [5f3936f4-df30-4ba9-910f-2d8140edc6a6] Bundle created at: C:\Users\stole\AppData\Local\Temp\remotion-webpack-bundle-CemUF0
[2026-03-06T08:08:12.828Z] [5f3936f4-df30-4ba9-910f-2d8140edc6a6] Selecting composition: VideoEditor
[2026-03-06T08:08:13.787Z] [5f3936f4-df30-4ba9-910f-2d8140edc6a6] Composition selected: 1080x1920
[2026-03-06T08:08:14.124Z] [5f3936f4-df30-4ba9-910f-2d8140edc6a6] Rendering video to C:\Users\stole\AppData\Local\Temp\5f3936f4-df30-4ba9-910f-2d8140edc6a6.mp4...
[2026-03-06T08:08:53.002Z] [5f3936f4-df30-4ba9-910f-2d8140edc6a6] Rendering finished
[2026-03-06T08:08:53.772Z] [5f3936f4-df30-4ba9-910f-2d8140edc6a6] Uploading to R2...
[2026-03-06T08:08:56.702Z] [5f3936f4-df30-4ba9-910f-2d8140edc6a6] Upload complete: https://pub-760dc7f0a82e481197568d0a306385c6.r2.dev/renders/5f3936f4-df30-4ba9-910f-2d8140edc6a6.mp4
[2026-03-06T08:08:56.968Z] [5f3936f4-df30-4ba9-910f-2d8140edc6a6] Job completed successfully
[2026-03-06T08:12:52.254Z] [ea47f104-861a-46b0-83f6-53a04b5595e3] Starting render job. Config: "VideoEditor"
[2026-03-06T08:12:52.554Z] [ea47f104-861a-46b0-83f6-53a04b5595e3] Bundling Remotion project...
[2026-03-06T08:12:57.211Z] [ea47f104-861a-46b0-83f6-53a04b5595e3] Bundle created at: C:\Users\stole\AppData\Local\Temp\remotion-webpack-bundle-M7XMF9
[2026-03-06T08:12:57.529Z] [ea47f104-861a-46b0-83f6-53a04b5595e3] Selecting composition: VideoEditor
[2026-03-06T08:12:58.492Z] [ea47f104-861a-46b0-83f6-53a04b5595e3] Composition selected: 1080x1920
[2026-03-06T08:12:58.753Z] [ea47f104-861a-46b0-83f6-53a04b5595e3] Rendering video to C:\Users\stole\AppData\Local\Temp\ea47f104-861a-46b0-83f6-53a04b5595e3.mp4...
[2026-03-06T08:13:38.205Z] [ea47f104-861a-46b0-83f6-53a04b5595e3] Rendering finished
[2026-03-06T08:13:38.619Z] [ea47f104-861a-46b0-83f6-53a04b5595e3] Uploading to R2...
[2026-03-06T08:13:42.713Z] [ea47f104-861a-46b0-83f6-53a04b5595e3] Upload complete: https://pub-760dc7f0a82e481197568d0a306385c6.r2.dev/renders/ea47f104-861a-46b0-83f6-53a04b5595e3.mp4
[2026-03-06T08:13:43.039Z] [ea47f104-861a-46b0-83f6-53a04b5595e3] Job completed successfully
[2026-03-06T08:14:24.254Z] [a27dfaaa-5818-4192-a6c8-4455183a471e] Starting render job. Config: "VideoEditor"
[2026-03-06T08:14:24.613Z] [a27dfaaa-5818-4192-a6c8-4455183a471e] Bundling Remotion project...
[2026-03-06T08:14:28.025Z] [a27dfaaa-5818-4192-a6c8-4455183a471e] Bundle created at: C:\Users\stole\AppData\Local\Temp\remotion-webpack-bundle-lF82nh
[2026-03-06T08:14:28.874Z] [a27dfaaa-5818-4192-a6c8-4455183a471e] Selecting composition: VideoEditor
[2026-03-06T08:14:30.900Z] [a27dfaaa-5818-4192-a6c8-4455183a471e] Composition selected: 1080x1920
[2026-03-06T08:14:32.460Z] [a27dfaaa-5818-4192-a6c8-4455183a471e] Rendering video to C:\Users\stole\AppData\Local\Temp\a27dfaaa-5818-4192-a6c8-4455183a471e.mp4...
[2026-03-06T08:14:38.029Z] [f0cf02f6-5f5a-40a0-b889-e062d33ef062] Starting render job. Config: "VideoEditor"
[2026-03-06T08:14:41.319Z] [f0cf02f6-5f5a-40a0-b889-e062d33ef062] Bundling Remotion project...
[2026-03-06T08:14:53.117Z] [f0cf02f6-5f5a-40a0-b889-e062d33ef062] Bundle created at: C:\Users\stole\AppData\Local\Temp\remotion-webpack-bundle-wwm0FF
[2026-03-06T08:14:57.233Z] [f0cf02f6-5f5a-40a0-b889-e062d33ef062] Selecting composition: VideoEditor
[2026-03-06T08:14:59.039Z] [f0cf02f6-5f5a-40a0-b889-e062d33ef062] Composition selected: 1080x1920
[2026-03-06T08:14:59.886Z] [f0cf02f6-5f5a-40a0-b889-e062d33ef062] Rendering video to C:\Users\stole\AppData\Local\Temp\f0cf02f6-5f5a-40a0-b889-e062d33ef062.mp4...
[2026-03-06T08:15:35.724Z] [a27dfaaa-5818-4192-a6c8-4455183a471e] Rendering finished
[2026-03-06T08:15:36.089Z] [a27dfaaa-5818-4192-a6c8-4455183a471e] Uploading to R2...
[2026-03-06T08:15:40.995Z] [a27dfaaa-5818-4192-a6c8-4455183a471e] Upload complete: https://pub-760dc7f0a82e481197568d0a306385c6.r2.dev/renders/a27dfaaa-5818-4192-a6c8-4455183a471e.mp4
[2026-03-06T08:15:41.369Z] [a27dfaaa-5818-4192-a6c8-4455183a471e] Job completed successfully
[2026-03-06T08:15:50.313Z] [f0cf02f6-5f5a-40a0-b889-e062d33ef062] Rendering finished
[2026-03-06T08:15:50.665Z] [f0cf02f6-5f5a-40a0-b889-e062d33ef062] Uploading to R2...
[2026-03-06T08:15:53.551Z] [f0cf02f6-5f5a-40a0-b889-e062d33ef062] Upload complete: https://pub-760dc7f0a82e481197568d0a306385c6.r2.dev/renders/f0cf02f6-5f5a-40a0-b889-e062d33ef062.mp4
[2026-03-06T08:15:53.802Z] [f0cf02f6-5f5a-40a0-b889-e062d33ef062] Job completed successfully
[2026-03-06T08:52:00.243Z] [ae16a3a1-f16d-4128-a029-af727d49a338] Starting render job. Config: "VideoEditor"
[2026-03-06T08:52:00.723Z] [ae16a3a1-f16d-4128-a029-af727d49a338] Bundling Remotion project...
[2026-03-06T08:52:03.626Z] [ae16a3a1-f16d-4128-a029-af727d49a338] Bundle created at: C:\Users\stole\AppData\Local\Temp\remotion-webpack-bundle-ZSBMzi
[2026-03-06T08:52:04.261Z] [ae16a3a1-f16d-4128-a029-af727d49a338] Selecting composition: VideoEditor
[2026-03-06T08:52:05.931Z] [ae16a3a1-f16d-4128-a029-af727d49a338] Composition selected: 1080x1920
[2026-03-06T08:52:06.318Z] [ae16a3a1-f16d-4128-a029-af727d49a338] Rendering video to C:\Users\stole\AppData\Local\Temp\ae16a3a1-f16d-4128-a029-af727d49a338.mp4...
[2026-03-06T08:52:47.641Z] [ae16a3a1-f16d-4128-a029-af727d49a338] Rendering finished
[2026-03-06T08:52:48.036Z] [ae16a3a1-f16d-4128-a029-af727d49a338] Uploading to R2...
[2026-03-06T08:52:51.311Z] [ae16a3a1-f16d-4128-a029-af727d49a338] Upload complete: https://pub-760dc7f0a82e481197568d0a306385c6.r2.dev/renders/ae16a3a1-f16d-4128-a029-af727d49a338.mp4
[2026-03-06T08:52:51.594Z] [ae16a3a1-f16d-4128-a029-af727d49a338] Job completed successfully
[2026-03-07T07:16:30.895Z] [4e10d655-5366-4cd3-a1d9-c9b1d73f5061] Starting render job. Config: "VideoEditor"
[2026-03-07T07:16:33.871Z] [4e10d655-5366-4cd3-a1d9-c9b1d73f5061] Bundling Remotion project...
[2026-03-07T07:16:40.917Z] [4e10d655-5366-4cd3-a1d9-c9b1d73f5061] Bundle created at: C:\Users\stole\AppData\Local\Temp\remotion-webpack-bundle-Y32BMF
[2026-03-07T07:16:43.783Z] [4e10d655-5366-4cd3-a1d9-c9b1d73f5061] Selecting composition: VideoEditor
[2026-03-07T07:16:45.845Z] [4e10d655-5366-4cd3-a1d9-c9b1d73f5061] Composition selected: 1080x1920
[2026-03-07T07:16:46.218Z] [4e10d655-5366-4cd3-a1d9-c9b1d73f5061] Rendering video to C:\Users\stole\AppData\Local\Temp\4e10d655-5366-4cd3-a1d9-c9b1d73f5061.mp4...
[2026-03-07T07:17:04.853Z] [4e10d655-5366-4cd3-a1d9-c9b1d73f5061] Render failed: Error while downloading https://pub-760dc7f0a82e481197568d0a306385c6.r2.dev/users/njFr44KGN4QZB1QCM7Szic3J4eg1/uploads/1772786457116-DAISIES_-_Justin_Bieber.mp3: Error: Client network socket disconnected before secure TLS connection was established
    at TLSSocket.onConnectEnd (node:_tls_wrap:1684:19)
    at TLSSocket.emit (node:events:520:35)
    at endReadableNT (node:internal/streams/readable:1701:12)
    at process.processTicksAndRejections (node:internal/process/task_queues:89:21)
[2026-03-07T07:17:05.307Z] [4e10d655-5366-4cd3-a1d9-c9b1d73f5061] CRITICAL FAIL: Error: Error while downloading https://pub-760dc7f0a82e481197568d0a306385c6.r2.dev/users/njFr44KGN4QZB1QCM7Szic3J4eg1/uploads/1772786457116-DAISIES_-_Justin_Bieber.mp3: Error: Client network socket disconnected before secure TLS connection was established
    at TLSSocket.onConnectEnd (node:_tls_wrap:1684:19)
    at TLSSocket.emit (node:events:520:35)
    at endReadableNT (node:internal/streams/readable:1701:12)
    at process.processTicksAndRejections (node:internal/process/task_queues:89:21)
    at file:///C:/Users/stole/OneDrive/Desktop/react-video-editor-main/react-video-editor-main/node_modules/.pnpm/@remotion+renderer@4.0.315__21a16432f6a5b786fb60b4b3219f28f3/node_modules/@remotion/renderer/dist/esm/index.mjs:18192:15
    at process.processTicksAndRejections (node:internal/process/task_queues:103:5)
[2026-03-07T08:48:36.393Z] [a6bd585e-094c-4ff0-a778-55c9746e61b4] Starting render job. Config: "VideoEditor"
[2026-03-07T08:48:37.284Z] [a6bd585e-094c-4ff0-a778-55c9746e61b4] Bundling Remotion project...
[2026-03-07T08:48:44.821Z] [a6bd585e-094c-4ff0-a778-55c9746e61b4] Bundle created at: C:\Users\stole\AppData\Local\Temp\remotion-webpack-bundle-IiClKT
[2026-03-07T08:48:55.057Z] [a6bd585e-094c-4ff0-a778-55c9746e61b4] Selecting composition: VideoEditor
[2026-03-07T08:48:56.921Z] [a6bd585e-094c-4ff0-a778-55c9746e61b4] Composition selected: 1080x1920
[2026-03-07T08:48:57.676Z] [a6bd585e-094c-4ff0-a778-55c9746e61b4] Rendering video to C:\Users\stole\AppData\Local\Temp\a6bd585e-094c-4ff0-a778-55c9746e61b4.mp4...
[2026-03-07T08:49:15.752Z] [a6bd585e-094c-4ff0-a778-55c9746e61b4] Render failed: Error while downloading https://pub-760dc7f0a82e481197568d0a306385c6.r2.dev/users/njFr44KGN4QZB1QCM7Szic3J4eg1/uploads/1772786457116-DAISIES_-_Justin_Bieber.mp3: Error: Client network socket disconnected before secure TLS connection was established
    at TLSSocket.onConnectEnd (node:_tls_wrap:1684:19)
    at TLSSocket.emit (node:events:520:35)
    at endReadableNT (node:internal/streams/readable:1701:12)
    at process.processTicksAndRejections (node:internal/process/task_queues:89:21)
[2026-03-07T08:49:16.525Z] [a6bd585e-094c-4ff0-a778-55c9746e61b4] CRITICAL FAIL: Error: Error while downloading https://pub-760dc7f0a82e481197568d0a306385c6.r2.dev/users/njFr44KGN4QZB1QCM7Szic3J4eg1/uploads/1772786457116-DAISIES_-_Justin_Bieber.mp3: Error: Client network socket disconnected before secure TLS connection was established
    at TLSSocket.onConnectEnd (node:_tls_wrap:1684:19)
    at TLSSocket.emit (node:events:520:35)
    at endReadableNT (node:internal/streams/readable:1701:12)
    at process.processTicksAndRejections (node:internal/process/task_queues:89:21)
    at file:///C:/Users/stole/OneDrive/Desktop/react-video-editor-main/react-video-editor-main/node_modules/.pnpm/@remotion+renderer@4.0.315__21a16432f6a5b786fb60b4b3219f28f3/node_modules/@remotion/renderer/dist/esm/index.mjs:18192:15
    at process.processTicksAndRejections (node:internal/process/task_queues:103:5)
[2026-03-07T08:49:38.287Z] [24cac655-dd90-478b-aece-7697b7cb2e33] Starting render job. Config: "VideoEditor"
[2026-03-07T08:49:38.523Z] [24cac655-dd90-478b-aece-7697b7cb2e33] Bundling Remotion project...
[2026-03-07T08:49:42.245Z] [24cac655-dd90-478b-aece-7697b7cb2e33] Bundle created at: C:\Users\stole\AppData\Local\Temp\remotion-webpack-bundle-4Iq83c
[2026-03-07T08:49:42.491Z] [24cac655-dd90-478b-aece-7697b7cb2e33] Selecting composition: VideoEditor
[2026-03-07T08:49:43.595Z] [24cac655-dd90-478b-aece-7697b7cb2e33] Composition selected: 1080x1920
[2026-03-07T08:49:43.839Z] [24cac655-dd90-478b-aece-7697b7cb2e33] Rendering video to C:\Users\stole\AppData\Local\Temp\24cac655-dd90-478b-aece-7697b7cb2e33.mp4...
[2026-03-07T08:50:11.705Z] [24cac655-dd90-478b-aece-7697b7cb2e33] Rendering finished
[2026-03-07T08:50:12.075Z] [24cac655-dd90-478b-aece-7697b7cb2e33] Uploading to R2...
[2026-03-07T08:50:15.357Z] [24cac655-dd90-478b-aece-7697b7cb2e33] Upload complete: https://pub-760dc7f0a82e481197568d0a306385c6.r2.dev/renders/24cac655-dd90-478b-aece-7697b7cb2e33.mp4
[2026-03-07T08:50:16.298Z] [24cac655-dd90-478b-aece-7697b7cb2e33] Job completed successfully
[2026-03-07T08:51:14.166Z] [66de2b40-f204-482c-a58d-49ddfe795ec0] Starting render job. Config: "VideoEditor"
[2026-03-07T08:51:14.421Z] [66de2b40-f204-482c-a58d-49ddfe795ec0] Bundling Remotion project...
[2026-03-07T08:51:16.592Z] [66de2b40-f204-482c-a58d-49ddfe795ec0] Bundle created at: C:\Users\stole\AppData\Local\Temp\remotion-webpack-bundle-bJLVqV
[2026-03-07T08:51:16.819Z] [66de2b40-f204-482c-a58d-49ddfe795ec0] Selecting composition: VideoEditor
[2026-03-07T08:51:17.575Z] [66de2b40-f204-482c-a58d-49ddfe795ec0] Composition selected: 1080x1920
[2026-03-07T08:51:17.817Z] [66de2b40-f204-482c-a58d-49ddfe795ec0] Rendering video to C:\Users\stole\AppData\Local\Temp\66de2b40-f204-482c-a58d-49ddfe795ec0.mp4...
[2026-03-07T08:51:47.700Z] [66de2b40-f204-482c-a58d-49ddfe795ec0] Rendering finished
[2026-03-07T08:51:48.033Z] [66de2b40-f204-482c-a58d-49ddfe795ec0] Uploading to R2...
[2026-03-07T08:51:51.231Z] [66de2b40-f204-482c-a58d-49ddfe795ec0] Upload complete: https://pub-760dc7f0a82e481197568d0a306385c6.r2.dev/renders/66de2b40-f204-482c-a58d-49ddfe795ec0.mp4
[2026-03-07T08:51:51.562Z] [66de2b40-f204-482c-a58d-49ddfe795ec0] Job completed successfully
[2026-03-07T09:58:19.335Z] [77f38097-b781-4f61-9c53-225fa7222af4] Starting render job. Config: "VideoEditor"
[2026-03-07T09:58:20.043Z] [77f38097-b781-4f61-9c53-225fa7222af4] Bundling Remotion project...
[2026-03-07T09:58:24.742Z] [77f38097-b781-4f61-9c53-225fa7222af4] Bundle created at: C:\Users\stole\AppData\Local\Temp\remotion-webpack-bundle-MK89CK
[2026-03-07T09:58:25.228Z] [77f38097-b781-4f61-9c53-225fa7222af4] Selecting composition: VideoEditor
[2026-03-07T09:58:27.233Z] [77f38097-b781-4f61-9c53-225fa7222af4] Composition selected: 1080x1920
[2026-03-07T09:58:27.545Z] [77f38097-b781-4f61-9c53-225fa7222af4] Rendering video to C:\Users\stole\AppData\Local\Temp\77f38097-b781-4f61-9c53-225fa7222af4.mp4...
[2026-03-07T09:59:09.902Z] [77f38097-b781-4f61-9c53-225fa7222af4] Rendering finished
[2026-03-07T09:59:10.374Z] [77f38097-b781-4f61-9c53-225fa7222af4] Uploading to R2...
[2026-03-07T09:59:13.593Z] [77f38097-b781-4f61-9c53-225fa7222af4] Upload complete: https://pub-760dc7f0a82e481197568d0a306385c6.r2.dev/renders/77f38097-b781-4f61-9c53-225fa7222af4.mp4
[2026-03-07T09:59:13.948Z] [77f38097-b781-4f61-9c53-225fa7222af4] Job completed successfully
[2026-03-10T05:36:01.782Z] [2533d78a-4ffb-41fe-9eae-c1aa034a1ea0] Starting render job. Config: "VideoEditor"
[2026-03-10T05:36:02.032Z] [2533d78a-4ffb-41fe-9eae-c1aa034a1ea0] Bundling Remotion project...
[2026-03-10T05:36:31.399Z] [36ae432c-b38b-427f-ad39-fc8e3be1f077] Starting render job. Config: "VideoEditor"
[2026-03-10T05:36:31.648Z] [36ae432c-b38b-427f-ad39-fc8e3be1f077] Bundling Remotion project...
[2026-03-10T05:36:36.969Z] [2533d78a-4ffb-41fe-9eae-c1aa034a1ea0] Bundle created at: C:\Users\stole\AppData\Local\Temp\remotion-webpack-bundle-PlxjKg
[2026-03-10T05:36:39.875Z] [2533d78a-4ffb-41fe-9eae-c1aa034a1ea0] Selecting composition: VideoEditor
[2026-03-10T05:36:45.683Z] [36ae432c-b38b-427f-ad39-fc8e3be1f077] Bundle created at: C:\Users\stole\AppData\Local\Temp\remotion-webpack-bundle-fBC1Xk
[2026-03-10T05:36:45.913Z] [36ae432c-b38b-427f-ad39-fc8e3be1f077] Selecting composition: VideoEditor
[2026-03-10T05:39:33.489Z] [36ae432c-b38b-427f-ad39-fc8e3be1f077] Composition selected: 1080x1920
[2026-03-10T05:39:33.548Z] [2533d78a-4ffb-41fe-9eae-c1aa034a1ea0] Composition selected: 1080x1920
[2026-03-10T05:39:34.356Z] [36ae432c-b38b-427f-ad39-fc8e3be1f077] Rendering video to C:\Users\stole\AppData\Local\Temp\36ae432c-b38b-427f-ad39-fc8e3be1f077.mp4...
[2026-03-10T05:39:34.503Z] [2533d78a-4ffb-41fe-9eae-c1aa034a1ea0] Rendering video to C:\Users\stole\AppData\Local\Temp\2533d78a-4ffb-41fe-9eae-c1aa034a1ea0.mp4...
[2026-03-10T05:40:05.271Z] [2533d78a-4ffb-41fe-9eae-c1aa034a1ea0] Render failed: A delayRender() "Loading <Audio> duration with src=https://pub-760dc7f0a82e481197568d0a306385c6.r2.dev/users/njFr44KGN4QZB1QCM7Szic3J4eg1/uploads/1772911128862-VoiceOver_1772911119062.webm" was called but not cleared after 28000ms. See https://remotion.dev/docs/timeout for help. 
[2026-03-10T05:40:05.508Z] [2533d78a-4ffb-41fe-9eae-c1aa034a1ea0] CRITICAL FAIL: Error: A delayRender() "Loading <Audio> duration with src=https://pub-760dc7f0a82e481197568d0a306385c6.r2.dev/users/njFr44KGN4QZB1QCM7Szic3J4eg1/uploads/1772911128862-VoiceOver_1772911119062.webm" was called but not cleared after 28000ms. See https://remotion.dev/docs/timeout for help. The delayRender was called: 
    at delayRender (http://localhost:3002/bundle.js:22580:18)
    at http://localhost:3002/bundle.js:25460:23
    at commitHookEffectListMount (http://localhost:3002/bundle.js:36994:24)
    at recursivelyTraverseReappearLayoutEffects (http://localhost:3002/bundle.js:38327:9)
    at recursivelyTraverseReappearLayoutEffects (http://localhost:3002/bundle.js:38322:9)
    at recursivelyTraverseReappearLayoutEffects (http://localhost:3002/bundle.js:38409:9)
    at recursivelyTraverseReappearLayoutEffects (http://localhost:3002/bundle.js:38322:9)
    at recursivelyTraverseReappearLayoutEffects (http://localhost:3002/bundle.js:38322:9)
    at recursivelyTraverseReappearLayoutEffects (http://localhost:3002/bundle.js:38322:9)
    at recursivelyTraverseReappearLayoutEffects (http://localhost:3002/bundle.js:38322:9)
    at delayRender (http://localhost:3002/bundle.js:22580:18)
    at http://localhost:3002/bundle.js:25460:23
    at commitHookEffectListMount (http://localhost:3002/bundle.js:36994:24)
    at recursivelyTraverseReappearLayoutEffects (http://localhost:3002/bundle.js:38327:9)
    at recursivelyTraverseReappearLayoutEffects (http://localhost:3002/bundle.js:38322:9)
    at recursivelyTraverseReappearLayoutEffects (http://localhost:3002/bundle.js:38409:9)
    at recursivelyTraverseReappearLayoutEffects (http://localhost:3002/bundle.js:38322:9)
    at recursivelyTraverseReappearLayoutEffects (http://localhost:3002/bundle.js:38322:9)
    at recursivelyTraverseReappearLayoutEffects (http://localhost:3002/bundle.js:38322:9)
    at recursivelyTraverseReappearLayoutEffects (http://localhost:3002/bundle.js:38322:9)
    at http://localhost:3002/bundle.js:22598:24
[2026-03-10T05:40:10.413Z] [36ae432c-b38b-427f-ad39-fc8e3be1f077] Rendering finished
[2026-03-10T05:40:10.791Z] [36ae432c-b38b-427f-ad39-fc8e3be1f077] Uploading to R2...
[2026-03-10T05:40:15.092Z] [36ae432c-b38b-427f-ad39-fc8e3be1f077] Upload complete: https://pub-760dc7f0a82e481197568d0a306385c6.r2.dev/renders/36ae432c-b38b-427f-ad39-fc8e3be1f077.mp4
[2026-03-10T05:40:15.509Z] [36ae432c-b38b-427f-ad39-fc8e3be1f077] Job completed successfully
[2026-03-19T10:29:44.054Z] [76ecdfff-e174-48b1-8e20-26582ff5d18e] Starting render job. Config: "VideoEditor"
[2026-03-19T10:29:44.399Z] [76ecdfff-e174-48b1-8e20-26582ff5d18e] Bundling Remotion project...
[2026-03-19T10:30:00.086Z] [76ecdfff-e174-48b1-8e20-26582ff5d18e] Bundle created at: C:\Users\stole\AppData\Local\Temp\remotion-webpack-bundle-KIPcmm
[2026-03-19T10:30:01.513Z] [76ecdfff-e174-48b1-8e20-26582ff5d18e] Selecting composition: VideoEditor
[2026-03-19T10:30:11.497Z] [76ecdfff-e174-48b1-8e20-26582ff5d18e] Composition selected: 1080x1920
[2026-03-19T10:30:11.874Z] [76ecdfff-e174-48b1-8e20-26582ff5d18e] Rendering video to C:\Users\stole\AppData\Local\Temp\76ecdfff-e174-48b1-8e20-26582ff5d18e.mp4...
[2026-03-19T10:30:17.051Z] [76ecdfff-e174-48b1-8e20-26582ff5d18e] Render failed: Error loading image with src: http://localhost:3001/api/image-proxy?url=https%3A%2F%2Fpub-760dc7f0a82e481197568d0a306385c6.r2.dev%2Fusers%2FnjFr44KGN4QZB1QCM7Szic3J4eg1%2Fuploads%2F1772784031729-AGENCY_OVERVIEW_X_PORTFOLIO_ASCENDIT_MEDIA.png
[2026-03-19T10:30:17.293Z] [76ecdfff-e174-48b1-8e20-26582ff5d18e] CRITICAL FAIL: Error: Error loading image with src: http://localhost:3001/api/image-proxy?url=https%3A%2F%2Fpub-760dc7f0a82e481197568d0a306385c6.r2.dev%2Fusers%2FnjFr44KGN4QZB1QCM7Szic3J4eg1%2Fuploads%2F1772784031729-AGENCY_OVERVIEW_X_PORTFOLIO_ASCENDIT_MEDIA.png
    at cancelRender (http://localhost:3001/bundle.js:22519:13)
    at http://localhost:3001/bundle.js:26226:5
    at processDispatchQueue (http://localhost:3001/bundle.js:40560:13)
    at http://localhost:3001/bundle.js:41112:5
    at batchedUpdates$1 (http://localhost:3001/bundle.js:30172:36)
    at dispatchEventForPluginEventSystem (http://localhost:3001/bundle.js:40698:3)
    at dispatchEvent (http://localhost:3001/bundle.js:43401:7)
[2026-03-19T11:24:24.461Z] [1f8e6c09-3812-482f-85f5-76361f1ced49] Starting render job. Config: "VideoEditor"
[2026-03-19T11:24:24.812Z] [1f8e6c09-3812-482f-85f5-76361f1ced49] Bundling Remotion project...
[2026-03-19T11:24:31.921Z] [1f8e6c09-3812-482f-85f5-76361f1ced49] Bundle created at: C:\Users\stole\AppData\Local\Temp\remotion-webpack-bundle-xybl0T
[2026-03-19T11:24:32.431Z] [1f8e6c09-3812-482f-85f5-76361f1ced49] Selecting composition: VideoEditor
[2026-03-19T11:24:36.108Z] [1f8e6c09-3812-482f-85f5-76361f1ced49] Composition selected: 1080x1920
[2026-03-19T11:24:36.473Z] [1f8e6c09-3812-482f-85f5-76361f1ced49] Rendering video to C:\Users\stole\AppData\Local\Temp\1f8e6c09-3812-482f-85f5-76361f1ced49.mp4...
[2026-03-19T11:24:42.476Z] [1f8e6c09-3812-482f-85f5-76361f1ced49] Render failed: Error loading image with src: http://localhost:3001/api/image-proxy?url=https%3A%2F%2Fpub-760dc7f0a82e481197568d0a306385c6.r2.dev%2Fusers%2FnjFr44KGN4QZB1QCM7Szic3J4eg1%2Fuploads%2F1772784031729-AGENCY_OVERVIEW_X_PORTFOLIO_ASCENDIT_MEDIA.png
[2026-03-19T11:24:42.721Z] [1f8e6c09-3812-482f-85f5-76361f1ced49] CRITICAL FAIL: Error: Error loading image with src: http://localhost:3001/api/image-proxy?url=https%3A%2F%2Fpub-760dc7f0a82e481197568d0a306385c6.r2.dev%2Fusers%2FnjFr44KGN4QZB1QCM7Szic3J4eg1%2Fuploads%2F1772784031729-AGENCY_OVERVIEW_X_PORTFOLIO_ASCENDIT_MEDIA.png
    at cancelRender (http://localhost:3001/bundle.js:22519:13)
    at http://localhost:3001/bundle.js:26226:5
    at processDispatchQueue (http://localhost:3001/bundle.js:40560:13)
    at http://localhost:3001/bundle.js:41112:5
    at batchedUpdates$1 (http://localhost:3001/bundle.js:30172:36)
    at dispatchEventForPluginEventSystem (http://localhost:3001/bundle.js:40698:3)
    at dispatchEvent (http://localhost:3001/bundle.js:43401:7)
[2026-03-19T11:26:17.536Z] [274ad501-8b4d-42c2-96c2-0899c9a18c3e] Starting render job. Config: "VideoEditor"
[2026-03-19T11:26:17.835Z] [274ad501-8b4d-42c2-96c2-0899c9a18c3e] Bundling Remotion project...
[2026-03-19T11:26:21.285Z] [274ad501-8b4d-42c2-96c2-0899c9a18c3e] Bundle created at: C:\Users\stole\AppData\Local\Temp\remotion-webpack-bundle-HvLLOk
[2026-03-19T11:26:21.641Z] [274ad501-8b4d-42c2-96c2-0899c9a18c3e] Selecting composition: VideoEditor
[2026-03-19T11:26:23.764Z] [274ad501-8b4d-42c2-96c2-0899c9a18c3e] Composition selected: 1080x1920
[2026-03-19T11:26:24.101Z] [274ad501-8b4d-42c2-96c2-0899c9a18c3e] Rendering video to C:\Users\stole\AppData\Local\Temp\274ad501-8b4d-42c2-96c2-0899c9a18c3e.mp4...
[2026-03-19T11:26:25.937Z] [182dde3b-77be-4e64-aebf-ef8fdef49060] Starting render job. Config: "VideoEditor"
[2026-03-19T11:26:26.285Z] [182dde3b-77be-4e64-aebf-ef8fdef49060] Bundling Remotion project...
[2026-03-19T11:26:30.797Z] [274ad501-8b4d-42c2-96c2-0899c9a18c3e] Render failed: Error loading image with src: http://localhost:3001/api/image-proxy?url=https%3A%2F%2Fpub-760dc7f0a82e481197568d0a306385c6.r2.dev%2Fusers%2FnjFr44KGN4QZB1QCM7Szic3J4eg1%2Fuploads%2F1772784031729-AGENCY_OVERVIEW_X_PORTFOLIO_ASCENDIT_MEDIA.png
[2026-03-19T11:26:30.953Z] [182dde3b-77be-4e64-aebf-ef8fdef49060] Bundle created at: C:\Users\stole\AppData\Local\Temp\remotion-webpack-bundle-mVU6e9
[2026-03-19T11:26:31.059Z] [274ad501-8b4d-42c2-96c2-0899c9a18c3e] CRITICAL FAIL: Error: Error loading image with src: http://localhost:3001/api/image-proxy?url=https%3A%2F%2Fpub-760dc7f0a82e481197568d0a306385c6.r2.dev%2Fusers%2FnjFr44KGN4QZB1QCM7Szic3J4eg1%2Fuploads%2F1772784031729-AGENCY_OVERVIEW_X_PORTFOLIO_ASCENDIT_MEDIA.png
    at cancelRender (http://localhost:3001/bundle.js:22519:13)
    at http://localhost:3001/bundle.js:26226:5
    at processDispatchQueue (http://localhost:3001/bundle.js:40560:13)
    at http://localhost:3001/bundle.js:41112:5
    at batchedUpdates$1 (http://localhost:3001/bundle.js:30172:36)
    at dispatchEventForPluginEventSystem (http://localhost:3001/bundle.js:40698:3)
    at dispatchEvent (http://localhost:3001/bundle.js:43401:7)
[2026-03-19T11:26:31.198Z] [182dde3b-77be-4e64-aebf-ef8fdef49060] Selecting composition: VideoEditor
[2026-03-19T11:26:32.990Z] [182dde3b-77be-4e64-aebf-ef8fdef49060] Composition selected: 1080x1920
[2026-03-19T11:26:33.277Z] [182dde3b-77be-4e64-aebf-ef8fdef49060] Rendering video to C:\Users\stole\AppData\Local\Temp\182dde3b-77be-4e64-aebf-ef8fdef49060.mp4...
[2026-03-19T11:26:38.714Z] [182dde3b-77be-4e64-aebf-ef8fdef49060] Render failed: Error loading image with src: http://localhost:3001/api/image-proxy?url=https%3A%2F%2Fpub-760dc7f0a82e481197568d0a306385c6.r2.dev%2Fusers%2FnjFr44KGN4QZB1QCM7Szic3J4eg1%2Fuploads%2F1772784031729-AGENCY_OVERVIEW_X_PORTFOLIO_ASCENDIT_MEDIA.png
[2026-03-19T11:26:38.947Z] [182dde3b-77be-4e64-aebf-ef8fdef49060] CRITICAL FAIL: Error: Error loading image with src: http://localhost:3001/api/image-proxy?url=https%3A%2F%2Fpub-760dc7f0a82e481197568d0a306385c6.r2.dev%2Fusers%2FnjFr44KGN4QZB1QCM7Szic3J4eg1%2Fuploads%2F1772784031729-AGENCY_OVERVIEW_X_PORTFOLIO_ASCENDIT_MEDIA.png
    at cancelRender (http://localhost:3001/bundle.js:22519:13)
    at http://localhost:3001/bundle.js:26226:5
    at processDispatchQueue (http://localhost:3001/bundle.js:40560:13)
    at http://localhost:3001/bundle.js:41112:5
    at batchedUpdates$1 (http://localhost:3001/bundle.js:30172:36)
    at dispatchEventForPluginEventSystem (http://localhost:3001/bundle.js:40698:3)
    at dispatchEvent (http://localhost:3001/bundle.js:43401:7)
[2026-03-19T11:27:25.959Z] [1c8ba4d2-1b98-4501-a596-b7d4b904084c] Starting render job. Config: "VideoEditor"
[2026-03-19T11:27:26.210Z] [1c8ba4d2-1b98-4501-a596-b7d4b904084c] Bundling Remotion project...
[2026-03-19T11:27:30.952Z] [1c8ba4d2-1b98-4501-a596-b7d4b904084c] Bundle created at: C:\Users\stole\AppData\Local\Temp\remotion-webpack-bundle-OEe141
[2026-03-19T11:27:31.187Z] [1c8ba4d2-1b98-4501-a596-b7d4b904084c] Selecting composition: VideoEditor
[2026-03-19T11:27:32.526Z] [1c8ba4d2-1b98-4501-a596-b7d4b904084c] Composition selected: 1080x1920
[2026-03-19T11:27:32.799Z] [1c8ba4d2-1b98-4501-a596-b7d4b904084c] Rendering video to C:\Users\stole\AppData\Local\Temp\1c8ba4d2-1b98-4501-a596-b7d4b904084c.mp4...
[2026-03-19T11:29:20.493Z] [1c8ba4d2-1b98-4501-a596-b7d4b904084c] Render failed: A delayRender() "Rendering <Video /> with src="https://pub-760dc7f0a82e481197568d0a306385c6.r2.dev/users/njFr44KGN4QZB1QCM7Szic3J4eg1/uploads/1773918438850-The_Handmaid_s_Tale___S1E2_-__2017__-_Trim.mp4" at time 4.633333333333334" was called but not cleared after 28000ms. See https://remotion.dev/docs/timeout for help. 
[2026-03-19T11:29:20.766Z] [1c8ba4d2-1b98-4501-a596-b7d4b904084c] CRITICAL FAIL: Error: A delayRender() "Rendering <Video /> with src="https://pub-760dc7f0a82e481197568d0a306385c6.r2.dev/users/njFr44KGN4QZB1QCM7Szic3J4eg1/uploads/1773918438850-The_Handmaid_s_Tale___S1E2_-__2017__-_Trim.mp4" at time 4.633333333333334" was called but not cleared after 28000ms. See https://remotion.dev/docs/timeout for help. The delayRender was called: 
    at delayRender (http://localhost:3001/bundle.js:22580:18)
    at http://localhost:3001/bundle.js:28467:20
    at commitHookEffectListMount (http://localhost:3001/bundle.js:36994:24)
    at commitPassiveMountOnFiber (http://localhost:3001/bundle.js:38473:23)
    at recursivelyTraversePassiveMountEffects (http://localhost:3001/bundle.js:38448:7)
    at commitPassiveMountOnFiber (http://localhost:3001/bundle.js:38467:7)
    at recursivelyTraversePassiveMountEffects (http://localhost:3001/bundle.js:38448:7)
    at commitPassiveMountOnFiber (http://localhost:3001/bundle.js:38580:7)
    at recursivelyTraversePassiveMountEffects (http://localhost:3001/bundle.js:38448:7)
    at commitPassiveMountOnFiber (http://localhost:3001/bundle.js:38467:7)
    at delayRender (http://localhost:3001/bundle.js:22580:18)
    at http://localhost:3001/bundle.js:28467:20
    at commitHookEffectListMount (http://localhost:3001/bundle.js:36994:24)
    at commitPassiveMountOnFiber (http://localhost:3001/bundle.js:38473:23)
    at recursivelyTraversePassiveMountEffects (http://localhost:3001/bundle.js:38448:7)
    at commitPassiveMountOnFiber (http://localhost:3001/bundle.js:38467:7)
    at recursivelyTraversePassiveMountEffects (http://localhost:3001/bundle.js:38448:7)
    at commitPassiveMountOnFiber (http://localhost:3001/bundle.js:38580:7)
    at recursivelyTraversePassiveMountEffects (http://localhost:3001/bundle.js:38448:7)
    at commitPassiveMountOnFiber (http://localhost:3001/bundle.js:38467:7)
    at http://localhost:3001/bundle.js:22598:24
[2026-03-19T11:33:20.844Z] [46f5d49c-90fa-4767-9fc4-b793eeebffe8] Starting render job. Config: "VideoEditor"
[2026-03-19T11:33:21.164Z] [46f5d49c-90fa-4767-9fc4-b793eeebffe8] Bundling Remotion project...
[2026-03-19T11:33:28.904Z] [46f5d49c-90fa-4767-9fc4-b793eeebffe8] Bundle created at: C:\Users\stole\AppData\Local\Temp\remotion-webpack-bundle-fdKHlr
[2026-03-19T11:33:29.112Z] [46f5d49c-90fa-4767-9fc4-b793eeebffe8] Selecting composition: VideoEditor
[2026-03-19T11:33:31.531Z] [46f5d49c-90fa-4767-9fc4-b793eeebffe8] Composition selected: 1080x1920
[2026-03-19T11:33:31.765Z] [46f5d49c-90fa-4767-9fc4-b793eeebffe8] Rendering video to C:\Users\stole\AppData\Local\Temp\46f5d49c-90fa-4767-9fc4-b793eeebffe8.mp4...
[2026-03-19T11:35:56.749Z] [46f5d49c-90fa-4767-9fc4-b793eeebffe8] Rendering finished
[2026-03-19T11:35:57.189Z] [46f5d49c-90fa-4767-9fc4-b793eeebffe8] Uploading to R2...
[2026-03-19T11:36:01.164Z] [46f5d49c-90fa-4767-9fc4-b793eeebffe8] Upload complete: https://pub-760dc7f0a82e481197568d0a306385c6.r2.dev/renders/46f5d49c-90fa-4767-9fc4-b793eeebffe8.mp4
[2026-03-19T11:36:01.414Z] [46f5d49c-90fa-4767-9fc4-b793eeebffe8] Job completed successfully
